#
# There is insufficient memory for the Java Runtime Environment to continue.
# Native memory allocation (mmap) failed to map 65011712 bytes. Error detail: G1 virtual space
# Possible reasons:
#   The system is out of physical RAM or swap space
#   This process is running with CompressedOops enabled, and the Java Heap may be blocking the growth of the native heap
# Possible solutions:
#   Reduce memory load on the system
#   Increase physical memory or swap space
#   Check if swap backing store is full
#   Decrease Java heap size (-Xmx/-Xms)
#   Decrease number of Java threads
#   Decrease Java thread stack sizes (-Xss)
#   Set larger code cache with -XX:ReservedCodeCacheSize=
#   JVM is running with Unscaled Compressed Oops mode in which the Java heap is
#     placed in the first 4GB address space. The Java Heap base address is the
#     maximum limit for the native heap growth. Please use -XX:HeapBaseMinAddress
#     to set the Java Heap base and to place the Java Heap above 4GB virtual address.
# This output file may be truncated or incomplete.
#
#  Out of Memory Error (os_windows.cpp:3828), pid=8432, tid=8756
#
# JRE version:  (21.0.5+8) (build )
# Java VM: OpenJDK 64-Bit Server VM (21.0.5+8-b631.28, mixed mode, sharing, tiered, compressed oops, compressed class ptrs, g1 gc, windows-amd64)
# No core dump will be written. Minidumps are not enabled by default on client versions of Windows
#

---------------  S U M M A R Y ------------

Command Line: git4idea.http.GitAskPassApp Username for 'https://github.com': 

Host: Intel(R) Pentium(R) Silver N5000 CPU @ 1.10GHz, 4 cores, 3G,  Windows 10 , 64 bit Build 17763 (10.0.17763.475)
Time: Wed Jan  1 09:43:38 2025 Финляндия (зима) elapsed time: 0.064400 seconds (0d 0h 0m 0s)

---------------  T H R E A D  ---------------

Current thread (0x0000014eee6be9c0):  JavaThread "Unknown thread" [_thread_in_vm, id=8756, stack(0x00000016b7700000,0x00000016b7800000) (1024K)]

Stack: [0x00000016b7700000,0x00000016b7800000]
Native frames: (J=compiled Java code, j=interpreted, Vv=VM code, C=native code)
V  [jvm.dll+0x6e52b9]
V  [jvm.dll+0x8c3633]
V  [jvm.dll+0x8c5b8e]
V  [jvm.dll+0x8c6273]
V  [jvm.dll+0x288f46]
V  [jvm.dll+0x6e1a35]
V  [jvm.dll+0x6d5e3a]
V  [jvm.dll+0x3634bb]
V  [jvm.dll+0x36b086]
V  [jvm.dll+0x3bd346]
V  [jvm.dll+0x3bd618]
V  [jvm.dll+0x335c2c]
V  [jvm.dll+0x33691b]
V  [jvm.dll+0x88aa89]
V  [jvm.dll+0x3ca518]
V  [jvm.dll+0x873b98]
V  [jvm.dll+0x45eede]
V  [jvm.dll+0x460bc1]
C  [jli.dll+0x52ab]
C  [ucrtbase.dll+0x2268a]
C  [KERNEL32.DLL+0x17974]
C  [ntdll.dll+0x5a0b1]


---------------  P R O C E S S  ---------------

Threads class SMR info:
_java_thread_list=0x00007fff90aea148, length=0, elements={
}

Java Threads: ( => current thread )
Total: 0

Other Threads:
  0x0000014ef079b310 WorkerThread "GC Thread#0"                     [id=9156, stack(0x00000016b7800000,0x00000016b7900000) (1024K)]
  0x0000014ef07a4c90 ConcurrentGCThread "G1 Main Marker"            [id=10436, stack(0x00000016b7900000,0x00000016b7a00000) (1024K)]
  0x0000014ef07a6060 WorkerThread "G1 Conc#0"                       [id=7320, stack(0x00000016b7a00000,0x00000016b7b00000) (1024K)]

[error occurred during error reporting (printing all threads), id 0xc0000005, EXCEPTION_ACCESS_VIOLATION (0xc0000005) at pc=0x00007fff901d8ce7]
VM state: not at safepoint (not fully initialized)

VM Mutex/Monitor currently owned by a thread:  ([mutex/lock_event])
[0x00007fff90b5eb30] Heap_lock - owner thread: 0x0000014eee6be9c0

Heap address: 0x00000000c2c00000, size: 980 MB, Compressed Oops mode: 32-bit

CDS archive(s) mapped at: [0x0000000000000000-0x0000000000000000-0x0000000000000000), size 0, SharedBaseAddress: 0x0000000800000000, ArchiveRelocationMode: 1.
Narrow klass base: 0x0000000000000000, Narrow klass shift: 0, Narrow klass range: 0x0

GC Precious Log:
 CardTable entry size: 512
 Card Set container configuration: InlinePtr #cards 5 size 8 Array Of Cards #cards 12 size 40 Howl #buckets 4 coarsen threshold 1843 Howl Bitmap #cards 512 size 80 coarsen threshold 460 Card regions per heap region 1 cards per card region 2048

Heap:
 garbage-first heap   total 0K, used 0K [0x00000000c2c00000, 0x0000000100000000)
  region size 1024K, 0 young (0K), 0 survivors (0K)
 Metaspace       used 0K, committed 0K, reserved 0K
  class space    used 0K, committed 0K, reserved 0K

Heap Regions: E=young(eden), S=young(survivor), O=old, HS=humongous(starts), HC=humongous(continues), CS=collection set, F=free, TAMS=top-at-mark-start, PB=parsable bottom

Card table byte_map: [0x0000014ef48f0000,0x0000014ef4ae0000] _byte_map_base: 0x0000014ef42da000

Marking Bits: (CMBitMap*) 0x0000014ef079c930
 Bits: [0x0000014ef4ae0000, 0x0000014ef5a30000)

GC Heap History (0 events):
No events

Dll operation events (1 events):
Event: 0.035 Loaded shared library C:\Users\ASUS\PhpStorm 2024.3.1.1\jbr\bin\java.dll

Deoptimization events (0 events):
No events

Classes loaded (0 events):
No events

Classes unloaded (0 events):
No events

Classes redefined (0 events):
No events

Internal exceptions (0 events):
No events

ZGC Phase Switch (0 events):
No events

VM Operations (0 events):
No events

Memory protections (0 events):
No events

Nmethod flushes (0 events):
No events

Events (0 events):
No events


Dynamic libraries:
0x00007ff76c750000 - 0x00007ff76c75a000 	C:\Users\ASUS\PhpStorm 2024.3.1.1\jbr\bin\java.exe
0x00007fffd6290000 - 0x00007fffd647d000 	C:\Windows\SYSTEM32\ntdll.dll
0x00007fffd4250000 - 0x00007fffd4303000 	C:\Windows\System32\KERNEL32.DLL
0x00007fffd2fe0000 - 0x00007fffd3275000 	C:\Windows\System32\KERNELBASE.dll
0x00007fffd2ee0000 - 0x00007fffd2fda000 	C:\Windows\System32\ucrtbase.dll
0x00007fffb50f0000 - 0x00007fffb510b000 	C:\Users\ASUS\PhpStorm 2024.3.1.1\jbr\bin\VCRUNTIME140.dll
0x00007fffc3570000 - 0x00007fffc3588000 	C:\Users\ASUS\PhpStorm 2024.3.1.1\jbr\bin\jli.dll
0x00007fffd4950000 - 0x00007fffd4ae7000 	C:\Windows\System32\USER32.dll
0x00007fffd3490000 - 0x00007fffd34b0000 	C:\Windows\System32\win32u.dll
0x00007fffd3b60000 - 0x00007fffd3b89000 	C:\Windows\System32\GDI32.dll
0x00007fffd2d20000 - 0x00007fffd2ebc000 	C:\Windows\System32\gdi32full.dll
0x00007fffd2aa0000 - 0x00007fffd2b40000 	C:\Windows\System32\msvcp_win.dll
0x00007fffb62b0000 - 0x00007fffb6529000 	C:\Windows\WinSxS\amd64_microsoft.windows.common-controls_6595b64144ccf1df_6.0.17763.1577_none_de7444545348a3d0\COMCTL32.dll
0x00007fffd4af0000 - 0x00007fffd4b8e000 	C:\Windows\System32\msvcrt.dll
0x00007fffd35d0000 - 0x00007fffd38fd000 	C:\Windows\System32\combase.dll
0x00007fffd4120000 - 0x00007fffd4242000 	C:\Windows\System32\RPCRT4.dll
0x00007fffd3390000 - 0x00007fffd340e000 	C:\Windows\System32\bcryptPrimitives.dll
0x00007fffd61c0000 - 0x00007fffd61ee000 	C:\Windows\System32\IMM32.DLL
0x00007fffc29e0000 - 0x00007fffc29ec000 	C:\Users\ASUS\PhpStorm 2024.3.1.1\jbr\bin\vcruntime140_1.dll
0x00007fffa25a0000 - 0x00007fffa262d000 	C:\Users\ASUS\PhpStorm 2024.3.1.1\jbr\bin\msvcp140.dll
0x00007fff8fe90000 - 0x00007fff90c51000 	C:\Users\ASUS\PhpStorm 2024.3.1.1\jbr\bin\server\jvm.dll
0x00007fffd60b0000 - 0x00007fffd6153000 	C:\Windows\System32\ADVAPI32.dll
0x00007fffd3cd0000 - 0x00007fffd3d6e000 	C:\Windows\System32\sechost.dll
0x00007fffd2290000 - 0x00007fffd22ed000 	C:\Windows\System32\POWRPROF.dll
0x00007fffd61f0000 - 0x00007fffd625d000 	C:\Windows\System32\WS2_32.dll
0x00007fffcfd90000 - 0x00007fffcfdb4000 	C:\Windows\SYSTEM32\WINMM.dll
0x00007fffc8ea0000 - 0x00007fffc8eaa000 	C:\Windows\SYSTEM32\VERSION.dll
0x00007fffcfd60000 - 0x00007fffcfd8d000 	C:\Windows\SYSTEM32\WINMMBASE.dll
0x00007fffd3440000 - 0x00007fffd348a000 	C:\Windows\System32\cfgmgr32.dll
0x00007fffd2270000 - 0x00007fffd2281000 	C:\Windows\System32\kernel.appcore.dll
0x00007fffc24b0000 - 0x00007fffc24ba000 	C:\Users\ASUS\PhpStorm 2024.3.1.1\jbr\bin\jimage.dll
0x00007fffd0c10000 - 0x00007fffd0dfd000 	C:\Windows\SYSTEM32\DBGHELP.DLL
0x00007fffbf040000 - 0x00007fffbf06a000 	C:\Windows\SYSTEM32\dbgcore.DLL
0x00007fffb4d90000 - 0x00007fffb4db0000 	C:\Users\ASUS\PhpStorm 2024.3.1.1\jbr\bin\java.dll

dbghelp: loaded successfully - version: 4.0.5 - missing functions: none
symbol engine: initialized successfully - sym options: 0x614 - pdb path: .;C:\Users\ASUS\PhpStorm 2024.3.1.1\jbr\bin;C:\Windows\SYSTEM32;C:\Windows\WinSxS\amd64_microsoft.windows.common-controls_6595b64144ccf1df_6.0.17763.1577_none_de7444545348a3d0;C:\Users\ASUS\PhpStorm 2024.3.1.1\jbr\bin\server

VM Arguments:
java_command: git4idea.http.GitAskPassApp Username for 'https://github.com': 
java_class_path (initial): C:/Users/ASUS/PhpStorm 2024.3.1.1/plugins/vcs-git/lib/git4idea-rt.jar;C:/Users/ASUS/PhpStorm 2024.3.1.1/lib/externalProcess-rt.jar
Launcher Type: SUN_STANDARD

[Global flags]
     intx CICompilerCount                          = 3                                         {product} {ergonomic}
     uint ConcGCThreads                            = 1                                         {product} {ergonomic}
     uint G1ConcRefinementThreads                  = 4                                         {product} {ergonomic}
   size_t G1HeapRegionSize                         = 1048576                                   {product} {ergonomic}
    uintx GCDrainStackTargetSize                   = 64                                        {product} {ergonomic}
   size_t InitialHeapSize                          = 65011712                                  {product} {ergonomic}
   size_t MarkStackSize                            = 4194304                                   {product} {ergonomic}
   size_t MaxHeapSize                              = 1027604480                                {product} {ergonomic}
   size_t MinHeapDeltaBytes                        = 1048576                                   {product} {ergonomic}
   size_t MinHeapSize                              = 8388608                                   {product} {ergonomic}
    uintx NonNMethodCodeHeapSize                   = 5832780                                {pd product} {ergonomic}
    uintx NonProfiledCodeHeapSize                  = 122912730                              {pd product} {ergonomic}
    uintx ProfiledCodeHeapSize                     = 122912730                              {pd product} {ergonomic}
    uintx ReservedCodeCacheSize                    = 251658240                              {pd product} {ergonomic}
     bool SegmentedCodeCache                       = true                                      {product} {ergonomic}
   size_t SoftMaxHeapSize                          = 1027604480                             {manageable} {ergonomic}
     bool UseCompressedOops                        = true                           {product lp64_product} {ergonomic}
     bool UseG1GC                                  = true                                      {product} {ergonomic}
     bool UseLargePagesIndividualAllocation        = false                                  {pd product} {ergonomic}

Logging:
Log output configuration:
 #0: stdout all=warning uptime,level,tags foldmultilines=false
 #1: stderr all=off uptime,level,tags foldmultilines=false

Environment Variables:
PATH=C:\Program Files\Git\mingw64\libexec\git-core;C:\Program Files\Git\mingw64\libexec\git-core;C:\Program Files\Git\mingw64\bin;C:\Program Files\Git\usr\bin;C:\Users\ASUS\bin;C:\Windows\system32;C:\Windows;C:\Windows\System32\Wbem;C:\Windows\System32\WindowsPowerShell\v1.0;C:\Windows\System32\OpenSSH;C:\Program Files (x86)\NVIDIA Corporation\PhysX\Common;C:\Program Files\dotnet;C:\Program Files\nodejs;C:\Program Files\Microsoft SQL Server\150\Tools\Binn;C:\Program Files\Git\cmd;C:\Program Files\NVIDIA Corporation\NVIDIA app\NvDLISR;D:\php;D:\ComposerSetup;C:\Users\ASUS\AppData\Roaming\nvm;C:\Program Files\nodejs;C:\Program Files\MySQL\MySQL Shell 8.0\bin;C:\Users\ASUS\.cargo\bin;C:\msys64\ucrt64\bin;D:\msys64\ucrt64\bin;C:\Users\ASUS\.dotnet\tools;C:\Users\ASUS\AppData\Local\JetBrains\Toolbox\scripts;D:\Microsoft VS Code\bin;C:\Users\ASUS\.dotnet\tools;C:\Users\ASUS\AppData\Roaming\Composer\vendor\bin;C:\Users\ASUS\AppData\Roaming\nvm;C:\Program Files\nodejs;D:\Intelij IDEA\IntelliJ IDEA Community Edition 2024.3.1.1\bin;C:\Users\ASUS\PhpStorm 2024.3.1.1\bin
USERNAME=ASUS
DISPLAY=:0.0
LC_ALL=en_US.UTF-8
TERM=xterm-256color
TMPDIR=C:\Users\ASUS\AppData\Local\Temp
OS=Windows_NT
PROCESSOR_IDENTIFIER=Intel64 Family 6 Model 122 Stepping 1, GenuineIntel
TMP=C:\Users\ASUS\AppData\Local\Temp
TEMP=C:\Users\ASUS\AppData\Local\Temp




Periodic native trim disabled

JNI global refs:
JNI global refs: 0, weak refs: 0

JNI global refs memory usage: 0, weak refs: 0

Process memory usage:
Resident Set Size: 10232K (0% of 4013000K total physical memory with 388964K free physical memory)

OOME stack traces (most recent first):
Classloader memory used:

---------------  S Y S T E M  ---------------

OS:
 Windows 10 , 64 bit Build 17763 (10.0.17763.475)
OS uptime: 1 days 17:43 hours

CPU: total 4 (initial active 4) (4 cores per cpu, 1 threads per core) family 6 model 122 stepping 1 microcode 0x34, cx8, cmov, fxsr, mmx, 3dnowpref, sse, sse2, sse3, ssse3, sse4.1, sse4.2, popcnt, tsc, tscinvbit, aes, erms, clmul, sha, clflush, clflushopt, rdtscp, rdpid
Processor Information for all 4 processors :
  Max Mhz: 1101, Current Mhz: 1101, Mhz Limit: 1101

Memory: 4k page, system-wide physical 3918M (379M free)
TotalPageFile size 8014M (AvailPageFile size 28M)
current process WorkingSet (physical memory assigned to process): 10M, peak: 10M
current process commit charge ("private bytes"): 51M, peak: 113M

vm_info: OpenJDK 64-Bit Server VM (21.0.5+8-b631.28) for windows-amd64 JRE (21.0.5+8-b631.28), built on 2024-11-23 by "builduser" with MS VC++ 16.10 / 16.11 (VS2019)

END.
